C51 COMPILER V9.60.0.0   NEW_START04                                                       04/19/2022 16:27:07 PAGE 1   


C51 COMPILER V9.60.0.0, COMPILATION OF MODULE NEW_START04
OBJECT MODULE PLACED IN .\Objects\new start04.obj
COMPILER INVOKED BY: C:\Keil_v5\C51\BIN\C51.EXE new start04.c OPTIMIZE(8,SPEED) BROWSE DEBUG OBJECTEXTEND PRINT(.\Listin
                    -gs\new start04.lst) OBJECT(.\Objects\new start04.obj)

line level    source

   1          /***************************************
   2          *GB2312
   3          *作者：创客海
   4          *内容：蜂鸣器项目理论课-蜂鸣器发出不同声音
   5          *实验板：新起点51单片机实验板
   6          *单片机型号：STC89C52RC
   7          ***************************************/
   8          
   9          #include <STC89C5xRC.H>//引用了头文件，如果没有可用reg51.h代替
  10          //#include <INTRINS.H>//循环左移循环右移必须的函数
  11          
  12          sbit FM = P2 ^ 3;//位声明了P2.3引脚为蜂鸣器
  13          /*------------------------------------------------
  14           延时函数，含有输入参数 unsigned int t，无返回值
  15           unsigned int 是定义无符号整形变量，其值的范围是
  16           0~65535
  17          ------------------------------------------------*/
  18          void Delay(unsigned int t)
  19          {
  20   1          while (--t);
  21   1      }
  22          
  23          //蜂鸣器发出不同声音
  24          void main()//主函数，程序的入口
  25          {
  26   1          int i;//定义main函数内的局部变量i
  27   1          while (1)//外层循环，用于控制不同声音之间切换
  28   1          {
  29   2              i = 50;//将i赋值为整数50
  30   2              while (i--)//执行i次循环体
  31   2              {
  32   3                  FM = 1; //高电平不发声音
  33   3                  Delay(200);//调用延时函数，参数200
  34   3                  FM = 0; //低电平发声音
  35   3                  Delay(200);
  36   3              }
  37   2              i = 66;//将i赋值为整数66
  38   2              while (i--)//执行i次循环体
  39   2              {
  40   3                  FM = 1; //高电平不发声音
  41   3                  Delay(150);
  42   3                  FM = 0; //低电平发声音
  43   3                  Delay(150);
  44   3              }
  45   2          }
  46   1      }


MODULE INFORMATION:   STATIC OVERLAYABLE
   CODE SIZE        =     78    ----
   CONSTANT SIZE    =   ----    ----
   XDATA SIZE       =   ----    ----
   PDATA SIZE       =   ----    ----
   DATA SIZE        =   ----    ----
C51 COMPILER V9.60.0.0   NEW_START04                                                       04/19/2022 16:27:07 PAGE 2   

   IDATA SIZE       =   ----    ----
   BIT SIZE         =   ----    ----
END OF MODULE INFORMATION.


C51 COMPILATION COMPLETE.  0 WARNING(S),  0 ERROR(S)
