C51 COMPILER V9.60.0.0   NEWSTARTC51                                                       04/30/2022 06:50:08 PAGE 1   


C51 COMPILER V9.60.0.0, COMPILATION OF MODULE NEWSTARTC51
OBJECT MODULE PLACED IN .\Objects\NewStartC51.obj
COMPILER INVOKED BY: C:\Keil_v5\C51\BIN\C51.EXE NewStartC51.c OPTIMIZE(8,SPEED) BROWSE DEBUG OBJECTEXTEND PRINT(.\Listin
                    -gs\NewStartC51.lst) OBJECT(.\Objects\NewStartC51.obj)

line level    source

   1          #include "NewStartC51.h"
   2          
   3          void newstart_init()
   4          {
   5   1          LCD_EN = 0; // LCD1602、12864
   6   1          DUAN = 0;
   7   1          WEI = 0;
   8   1          CS88 = 0;
   9   1      }


MODULE INFORMATION:   STATIC OVERLAYABLE
   CODE SIZE        =      9    ----
   CONSTANT SIZE    =   ----    ----
   XDATA SIZE       =   ----    ----
   PDATA SIZE       =   ----    ----
   DATA SIZE        =   ----    ----
   IDATA SIZE       =   ----    ----
   BIT SIZE         =   ----    ----
END OF MODULE INFORMATION.


C51 COMPILATION COMPLETE.  0 WARNING(S),  0 ERROR(S)
