C51 COMPILER V9.60.0.0   MAIN                                                              03/05/2022 08:51:50 PAGE 1   


C51 COMPILER V9.60.0.0, COMPILATION OF MODULE MAIN
OBJECT MODULE PLACED IN .\Objects\main.obj
COMPILER INVOKED BY: C:\Keil_v5\C51\BIN\C51.EXE main.c OPTIMIZE(8,SPEED) BROWSE DEBUG OBJECTEXTEND PRINT(.\Listings\main
                    -.lst) TABS(2) OBJECT(.\Objects\main.obj)

line level    source

   1          #include <STC89C5xRC.H>
   2          
   3          /*******************************************************************************
   4          * 延时子函数  : Delay1ms
   5          * 函数功能    : 带参数延时1ms
   6          *******************************************************************************/
   7          void Delay1ms(unsigned int xms)   //@11.0592MHz
   8          {
   9   1        unsigned char i, j;
  10   1        while(xms--)
  11   1        { 
  12   2          ;                //等价 extern void  _nop_  ();
  13   2          i = 2;
  14   2          j = 199;
  15   2          do
  16   2          {
  17   3            while (--j);
  18   3          } while (--i);  
  19   2          //Xms--;         //递减参数(Xms--)也可以放这里
  20   2        }
  21   1      }
  22          
  23          /*******************************************************************************
  24          * 主函数    : main
  25          * 函数功能  : 循环移动显示
  26          *******************************************************************************/
  27          void main()
  28          {
  29   1        while(1)
  30   1        {
  31   2          P10=0;          //点亮LED0
  32   2          Delay1ms(100);  //延时100ms
  33   2          P10=1;          //熄灭LED
  34   2          Delay1ms(100);  //延时100ms 
  35   2          
  36   2          P11=0;          //点亮LED1
  37   2          Delay1ms(100);
  38   2          P11=1;
  39   2          Delay1ms(100);
  40   2          
  41   2          P12=0;          //点亮LED2
  42   2          Delay1ms(100);
  43   2          P12=1;
  44   2          Delay1ms(100);
  45   2          
  46   2          P13=0;
  47   2          Delay1ms(100);
  48   2          P13=1;
  49   2          Delay1ms(100);
  50   2          
  51   2          P14=0;
  52   2          Delay1ms(100);
  53   2          P14=1;
  54   2          Delay1ms(100);    
C51 COMPILER V9.60.0.0   MAIN                                                              03/05/2022 08:51:50 PAGE 2   

  55   2          
  56   2          P15=0;
  57   2          Delay1ms(100);
  58   2          P15=1;
  59   2          Delay1ms(100);
  60   2          
  61   2          P16=0;
  62   2          Delay1ms(100);
  63   2          P16=1;
  64   2          Delay1ms(100);
  65   2          
  66   2          P17=0;
  67   2          Delay1ms(100);
  68   2          P17=1;
  69   2          Delay1ms(100);    
  70   2        }
  71   1      }


MODULE INFORMATION:   STATIC OVERLAYABLE
   CODE SIZE        =    108    ----
   CONSTANT SIZE    =   ----    ----
   XDATA SIZE       =   ----    ----
   PDATA SIZE       =   ----    ----
   DATA SIZE        =   ----    ----
   IDATA SIZE       =   ----    ----
   BIT SIZE         =   ----    ----
END OF MODULE INFORMATION.


C51 COMPILATION COMPLETE.  0 WARNING(S),  0 ERROR(S)
