C51 COMPILER V9.60.0.0   MAIN                                                              03/05/2022 09:06:43 PAGE 1   


C51 COMPILER V9.60.0.0, COMPILATION OF MODULE MAIN
OBJECT MODULE PLACED IN .\Objects\main.obj
COMPILER INVOKED BY: C:\Keil_v5\C51\BIN\C51.EXE main.c OPTIMIZE(8,SPEED) BROWSE DEBUG OBJECTEXTEND PRINT(.\Listings\main
                    -.lst) TABS(2) OBJECT(.\Objects\main.obj)

line level    source

   1          #include <STC89C5xRC.H>
   2          
   3          /*******************************************************************************
   4          * 延时子函数   : Delay1ms
   5          * 函数功能     : 延时1ms
   6          *******************************************************************************/
   7          void Delay1ms(unsigned int xms)   //@11.0592MHz
   8          {
   9   1        unsigned char i, j;
  10   1        while(xms--)
  11   1        { 
  12   2          ;                
  13   2          i = 2;
  14   2          j = 199;
  15   2          do
  16   2          {
  17   3            while (--j);
  18   3          } while (--i);      
  19   2        }
  20   1      }
  21          
  22          /*******************************************************************************
  23          * 主函数    : main
  24          * 函数功能  : 指示灯for循环移动显示
  25          *******************************************************************************/
  26          void main()
  27          {
  28   1        unsigned char idata n=0,M=0X01;  //定义的时候直接赋值也行
  29   1        while(1)
  30   1        {     
  31   2            if(n<8)          //判断条件是否成立,成立就执行{}内的语句，不成立就执行后面的else语句
  32   2            {                //条件成立，执行{}内语句
  33   3              M=0X01;
  34   3              P1=~(M<<n);    //左移n位寄存器,这个M直接用0X01数值替代也行
  35   3              Delay1ms(200);
  36   3              n++;           //这条语句等价于n=n+1,
  37   3            }                
  38   2            else             //判断条件不成立，执行else后面的语句，后面带{}，如果只有一条语句，可以省略{}
  39   2            {
  40   3              n=0;
  41   3            }     
  42   2        }
  43   1      }     


MODULE INFORMATION:   STATIC OVERLAYABLE
   CODE SIZE        =     76    ----
   CONSTANT SIZE    =   ----    ----
   XDATA SIZE       =   ----    ----
   PDATA SIZE       =   ----    ----
   DATA SIZE        =   ----    ----
   IDATA SIZE       =   ----       2
   BIT SIZE         =   ----    ----
END OF MODULE INFORMATION.

C51 COMPILER V9.60.0.0   MAIN                                                              03/05/2022 09:06:43 PAGE 2   


C51 COMPILATION COMPLETE.  0 WARNING(S),  0 ERROR(S)
