C51 COMPILER V9.60.0.0   MAIN                                                              02/23/2022 19:10:01 PAGE 1   


C51 COMPILER V9.60.0.0, COMPILATION OF MODULE MAIN
OBJECT MODULE PLACED IN .\Objects\main.obj
COMPILER INVOKED BY: C:\Keil_v5\C51\BIN\C51.EXE main.c OPTIMIZE(8,SPEED) BROWSE DEBUG OBJECTEXTEND PRINT(.\Listings\main
                    -.lst) TABS(2) OBJECT(.\Objects\main.obj)

line level    source

   1          #include <STC89C5xRC.H>
   2          
   3          
   4          void Delay1ms(unsigned int Xms)   //@11.0592MHz
   5          {
   6   1        unsigned char i, j;
   7   1        while(Xms--)
   8   1        { 
   9   2          ;                //等价 extern void  _nop_  ();
  10   2          i = 2;
  11   2          j = 199;
  12   2          do
  13   2          {
  14   3            while (--j);
  15   3          } while (--i);  
  16   2          //Xms--;         //参数递减也可以放这里
  17   2        }
  18   1      }
  19          
  20          //主程序，采用for循环语句，
  21          void main()
  22          {
  23   1        while(1)
  24   1        {
  25   2          unsigned char idata n,M;          
  26   2          for(n=0;n<8;n++)     //加分号的错误
  27   2          {     
  28   3            M=0X01;            //左移初值0X01,右移初值0X80
  29   3            P1=~(M<<n);        //左移寄存器   
  30   3            Delay1ms(200);      
  31   3          }   
  32   2        }
  33   1      }


MODULE INFORMATION:   STATIC OVERLAYABLE
   CODE SIZE        =     67    ----
   CONSTANT SIZE    =   ----    ----
   XDATA SIZE       =   ----    ----
   PDATA SIZE       =   ----    ----
   DATA SIZE        =   ----    ----
   IDATA SIZE       =   ----       2
   BIT SIZE         =   ----    ----
END OF MODULE INFORMATION.


C51 COMPILATION COMPLETE.  0 WARNING(S),  0 ERROR(S)
